{"name": "Open first product detail and see \"architecture\", \"interior\"", "status": "broken", "statusDetails": {"message": "selenium.common.exceptions.TimeoutException: Message: Element by ('css selector', \"address a[href='/off-plan']\") is not clickable\nStacktrace:\n\tGetHandleVerifier [0x00428D03+51395]\n\t(No symbol) [0x00395F61]\n\t(No symbol) [0x0024E13A]\n\t(No symbol) [0x002862BB]\n\t(No symbol) [0x002863EB]\n\t(No symbol) [0x002BC162]\n\t(No symbol) [0x002A3ED4]\n\t(No symbol) [0x002BA570]\n\t(No symbol) [0x002A3C26]\n\t(No symbol) [0x0027C629]\n\t(No symbol) [0x0027D40D]\n\tGetHandleVerifier [0x007A68D3+3712147]\n\tGetHandleVerifier [0x007E5CBA+3971194]\n\tGetHandleVerifier [0x007E0FA8+3951464]\n\tGetHandleVerifier [0x004D9D09+776393]\n\t(No symbol) [0x003A1734]\n\t(No symbol) [0x0039C618]\n\t(No symbol) [0x0039C7C9]\n\t(No symbol) [0x0038DDF0]\n\tBaseThreadInitThunk [0x75187BA9+25]\n\tRtlInitializeExceptionChain [0x771CBD2B+107]\n\tRtlClearBits [0x771CBCAF+191]\n\n", "trace": "  File \"C:\\Users\\joshu\\Downloads\\python-selenium-automation-main\\Internship-project\\venv\\Lib\\site-packages\\behave\\model.py\", line 1329, in run\n    match.run(runner.context)\n  File \"C:\\Users\\joshu\\Downloads\\python-selenium-automation-main\\Internship-project\\venv\\Lib\\site-packages\\behave\\matchers.py\", line 98, in run\n    self.func(context, *args, **kwargs)\n  File \"features\\steps\\main_page_steps.py\", line 15, in off_plan_icon\n    context.app.main_page.click_off_plan_icon()\n  File \"C:\\Users\\joshu\\Downloads\\python-selenium-automation-main\\Internship-project\\pages\\main_page.py\", line 13, in click_off_plan_icon\n    self.wait_element_clickable_click(*self.OFF_PLAN_ICON)\n  File \"C:\\Users\\joshu\\Downloads\\python-selenium-automation-main\\Internship-project\\pages\\base_page.py\", line 50, in wait_element_clickable_click\n    self.wait.until(\n  File \"C:\\Users\\joshu\\Downloads\\python-selenium-automation-main\\Internship-project\\venv\\Lib\\site-packages\\selenium\\webdriver\\support\\wait.py\", line 105, in until\n    raise TimeoutException(message, screen, stacktrace)\n"}, "steps": [{"name": "Given Open the main page", "status": "passed", "start": 1711727078568, "stop": 1711727083235}, {"name": "When Log in to the page", "status": "passed", "start": 1711727083235, "stop": 1711727088623}, {"name": "When Click on \"off plan\" at the left side menu", "status": "broken", "statusDetails": {"message": "selenium.common.exceptions.TimeoutException: Message: Element by ('css selector', \"address a[href='/off-plan']\") is not clickable\nStacktrace:\n\tGetHandleVerifier [0x00428D03+51395]\n\t(No symbol) [0x00395F61]\n\t(No symbol) [0x0024E13A]\n\t(No symbol) [0x002862BB]\n\t(No symbol) [0x002863EB]\n\t(No symbol) [0x002BC162]\n\t(No symbol) [0x002A3ED4]\n\t(No symbol) [0x002BA570]\n\t(No symbol) [0x002A3C26]\n\t(No symbol) [0x0027C629]\n\t(No symbol) [0x0027D40D]\n\tGetHandleVerifier [0x007A68D3+3712147]\n\tGetHandleVerifier [0x007E5CBA+3971194]\n\tGetHandleVerifier [0x007E0FA8+3951464]\n\tGetHandleVerifier [0x004D9D09+776393]\n\t(No symbol) [0x003A1734]\n\t(No symbol) [0x0039C618]\n\t(No symbol) [0x0039C7C9]\n\t(No symbol) [0x0038DDF0]\n\tBaseThreadInitThunk [0x75187BA9+25]\n\tRtlInitializeExceptionChain [0x771CBD2B+107]\n\tRtlClearBits [0x771CBCAF+191]\n\n", "trace": "  File \"C:\\Users\\joshu\\Downloads\\python-selenium-automation-main\\Internship-project\\venv\\Lib\\site-packages\\behave\\model.py\", line 1329, in run\n    match.run(runner.context)\n  File \"C:\\Users\\joshu\\Downloads\\python-selenium-automation-main\\Internship-project\\venv\\Lib\\site-packages\\behave\\matchers.py\", line 98, in run\n    self.func(context, *args, **kwargs)\n  File \"features\\steps\\main_page_steps.py\", line 15, in off_plan_icon\n    context.app.main_page.click_off_plan_icon()\n  File \"C:\\Users\\joshu\\Downloads\\python-selenium-automation-main\\Internship-project\\pages\\main_page.py\", line 13, in click_off_plan_icon\n    self.wait_element_clickable_click(*self.OFF_PLAN_ICON)\n  File \"C:\\Users\\joshu\\Downloads\\python-selenium-automation-main\\Internship-project\\pages\\base_page.py\", line 50, in wait_element_clickable_click\n    self.wait.until(\n  File \"C:\\Users\\joshu\\Downloads\\python-selenium-automation-main\\Internship-project\\venv\\Lib\\site-packages\\selenium\\webdriver\\support\\wait.py\", line 105, in until\n    raise TimeoutException(message, screen, stacktrace)\n"}, "start": 1711727088623, "stop": 1711727106755}, {"name": "When Click on the first product", "status": "skipped", "start": 1711727109459, "stop": 1711727109459}, {"name": "Then Verify the two options of visualization are \"architecture\", \"interior\"", "status": "skipped", "start": 1711727109459, "stop": 1711727109459}, {"name": "Then Verify the visualization options are clickable", "status": "skipped", "start": 1711727109459, "stop": 1711727109459}], "start": 1711727069458, "stop": 1711727109459, "uuid": "8097d59d-6c2a-43f1-be17-6ca1a88f3817", "historyId": "b62908097c7fccc3939ec2c8a780ef51", "fullName": "User can open product detail and see three options of visualization: Open first product detail and see \"architecture\", \"interior\"", "labels": [{"name": "severity", "value": "normal"}, {"name": "tag", "value": "smoke"}, {"name": "feature", "value": "User can open product detail and see three options of visualization"}, {"name": "framework", "value": "behave"}, {"name": "language", "value": "cpython3"}]}